<?xml version="1.0" encoding="UTF-8"?>
<!-- Generated by org.testng.reporters.JUnitReportReporter -->
<testsuite hostname="windows" failures="0" tests="1" name="com.epam.ta.test.UserAccessTests" time="20.286" errors="0" timestamp="19 дек. 2019 05:43:40 GMT" skipped="0">
  <testcase classname="com.epam.ta.test.UserAccessTests" name="oneCanLoginGithub" time="20.286"/>
</testsuite> <!-- com.epam.ta.test.UserAccessTests -->
