<?xml version="1.0" encoding="UTF-8"?>
<!-- Generated by org.testng.reporters.JUnitReportReporter -->
<testsuite hostname="windows" failures="0" tests="1" name="com.epam.ta.test.RepositoryManagementTests" time="44.818" errors="0" timestamp="15 дек. 2019 16:21:42 GMT" skipped="0">
  <testcase classname="com.epam.ta.test.RepositoryManagementTests" name="oneCanCreateProject" time="44.818"/>
</testsuite> <!-- com.epam.ta.test.RepositoryManagementTests -->
